# JRE version: OpenJDK Runtime Environment (8.0_112-b06) (build 1.8.0_112-release-b06)
# Java VM: OpenJDK 64-Bit Server VM (25.112-b06 mixed mode windows-amd64 compressed oops)
Heap:
 PSYoungGen      total 327168K, used 211554K [0x00000000e0000000, 0x00000000fb880000, 0x0000000100000000)
  eden space 214528K, 72% used [0x00000000e0000000,0x00000000e96fa340,0x00000000ed180000)
  from space 112640K, 50% used [0x00000000f4a80000,0x00000000f821e890,0x00000000fb880000)
  to   space 118272K, 0% used [0x00000000ed180000,0x00000000ed180000,0x00000000f4500000)
 ParOldGen       total 569344K, used 274954K [0x00000000a0000000, 0x00000000c2c00000, 0x00000000e0000000)
  object space 569344K, 48% used [0x00000000a0000000,0x00000000b0c82920,0x00000000c2c00000)
 Metaspace       used 96501K, capacity 104140K, committed 104320K, reserved 1140736K
  class space    used 12129K, capacity 13117K, committed 13184K, reserved 1048576K
GC Heap History (10 events):
Event: 5683.654 GC heap before
{Heap before GC invocations=64 (full 8):
 PSYoungGen      total 345088K, used 247844K [0x00000000e0000000, 0x00000000fdf00000, 0x0000000100000000)
  eden space 198144K, 100% used [0x00000000e0000000,0x00000000ec180000,0x00000000ec180000)
  from space 146944K, 33% used [0x00000000ec180000,0x00000000ef209380,0x00000000f5100000)
  to   space 141824K, 0% used [0x00000000f5480000,0x00000000f5480000,0x00000000fdf00000)
 ParOldGen       total 569344K, used 274922K [0x00000000a0000000, 0x00000000c2c00000, 0x00000000e0000000)
  object space 569344K, 48% used [0x00000000a0000000,0x00000000b0c7a920,0x00000000c2c00000)
 Metaspace       used 83871K, capacity 90226K, committed 90496K, reserved 1128448K
  class space    used 10533K, capacity 11367K, committed 11392K, reserved 1048576K
Event: 5683.729 GC heap after
Heap after GC invocations=64 (full 8):
 PSYoungGen      total 333312K, used 68777K [0x00000000e0000000, 0x00000000fd100000, 0x0000000100000000)
  eden space 205824K, 0% used [0x00000000e0000000,0x00000000e0000000,0x00000000ec900000)
  from space 127488K, 53% used [0x00000000f5480000,0x00000000f97aa608,0x00000000fd100000)
  to   space 135168K, 0% used [0x00000000ec900000,0x00000000ec900000,0x00000000f4d00000)
 ParOldGen       total 569344K, used 274922K [0x00000000a0000000, 0x00000000c2c00000, 0x00000000e0000000)
  object space 569344K, 48% used [0x00000000a0000000,0x00000000b0c7a920,0x00000000c2c00000)
 Metaspace       used 83871K, capacity 90226K, committed 90496K, reserved 1128448K
  class space    used 10533K, capacity 11367K, committed 11392K, reserved 1048576K
}
Event: 5711.239 GC heap before
{Heap before GC invocations=65 (full 8):
 PSYoungGen      total 333312K, used 274601K [0x00000000e0000000, 0x00000000fd100000, 0x0000000100000000)
  eden space 205824K, 100% used [0x00000000e0000000,0x00000000ec900000,0x00000000ec900000)
  from space 127488K, 53% used [0x00000000f5480000,0x00000000f97aa608,0x00000000fd100000)
  to   space 135168K, 0% used [0x00000000ec900000,0x00000000ec900000,0x00000000f4d00000)
 ParOldGen       total 569344K, used 274922K [0x00000000a0000000, 0x00000000c2c00000, 0x00000000e0000000)
  object space 569344K, 48% used [0x00000000a0000000,0x00000000b0c7a920,0x00000000c2c00000)
 Metaspace       used 84023K, capacity 90400K, committed 90496K, reserved 1128448K
  class space    used 10544K, capacity 11378K, committed 11392K, reserved 1048576K
Event: 5711.292 GC heap after
Heap after GC invocations=65 (full 8):
 PSYoungGen      total 340992K, used 41734K [0x00000000e0000000, 0x00000000fd200000, 0x0000000100000000)
  eden space 205824K, 0% used [0x00000000e0000000,0x00000000e0000000,0x00000000ec900000)
  from space 135168K, 30% used [0x00000000ec900000,0x00000000ef1c1b68,0x00000000f4d00000)
  to   space 132608K, 0% used [0x00000000f5080000,0x00000000f5080000,0x00000000fd200000)
 ParOldGen       total 569344K, used 274930K [0x00000000a0000000, 0x00000000c2c00000, 0x00000000e0000000)
  object space 569344K, 48% used [0x00000000a0000000,0x00000000b0c7c920,0x00000000c2c00000)
 Metaspace       used 84023K, capacity 90400K, committed 90496K, reserved 1128448K
  class space    used 10544K, capacity 11378K, committed 11392K, reserved 1048576K
}
Event: 5723.211 GC heap before
{Heap before GC invocations=66 (full 8):
 PSYoungGen      total 340992K, used 247558K [0x00000000e0000000, 0x00000000fd200000, 0x0000000100000000)
  eden space 205824K, 100% used [0x00000000e0000000,0x00000000ec900000,0x00000000ec900000)
  from space 135168K, 30% used [0x00000000ec900000,0x00000000ef1c1b68,0x00000000f4d00000)
  to   space 132608K, 0% used [0x00000000f5080000,0x00000000f5080000,0x00000000fd200000)
 ParOldGen       total 569344K, used 274930K [0x00000000a0000000, 0x00000000c2c00000, 0x00000000e0000000)
  object space 569344K, 48% used [0x00000000a0000000,0x00000000b0c7c920,0x00000000c2c00000)
 Metaspace       used 84069K, capacity 90406K, committed 90496K, reserved 1128448K
  class space    used 10545K, capacity 11379K, committed 11392K, reserved 1048576K
Event: 5723.282 GC heap after
Heap after GC invocations=66 (full 8):
 PSYoungGen      total 332288K, used 68721K [0x00000000e0000000, 0x00000000fc700000, 0x0000000100000000)
  eden space 210944K, 0% used [0x00000000e0000000,0x00000000e0000000,0x00000000ece00000)
  from space 121344K, 56% used [0x00000000f5080000,0x00000000f939c738,0x00000000fc700000)
  to   space 127488K, 0% used [0x00000000ece00000,0x00000000ece00000,0x00000000f4a80000)
 ParOldGen       total 569344K, used 274938K [0x00000000a0000000, 0x00000000c2c00000, 0x00000000e0000000)
  object space 569344K, 48% used [0x00000000a0000000,0x00000000b0c7e920,0x00000000c2c00000)
 Metaspace       used 84069K, capacity 90406K, committed 90496K, reserved 1128448K
  class space    used 10545K, capacity 11379K, committed 11392K, reserved 1048576K
}
Event: 5968.449 GC heap before
{Heap before GC invocations=67 (full 8):
 PSYoungGen      total 332288K, used 279665K [0x00000000e0000000, 0x00000000fc700000, 0x0000000100000000)
  eden space 210944K, 100% used [0x00000000e0000000,0x00000000ece00000,0x00000000ece00000)
  from space 121344K, 56% used [0x00000000f5080000,0x00000000f939c738,0x00000000fc700000)
  to   space 127488K, 0% used [0x00000000ece00000,0x00000000ece00000,0x00000000f4a80000)
 ParOldGen       total 569344K, used 274938K [0x00000000a0000000, 0x00000000c2c00000, 0x00000000e0000000)
  object space 569344K, 48% used [0x00000000a0000000,0x00000000b0c7e920,0x00000000c2c00000)
 Metaspace       used 90149K, capacity 96934K, committed 97024K, reserved 1134592K
  class space    used 11358K, capacity 12235K, committed 12288K, reserved 1048576K
Event: 5968.531 GC heap after
Heap after GC invocations=67 (full 8):
 PSYoungGen      total 338432K, used 52490K [0x00000000e0000000, 0x00000000fc300000, 0x0000000100000000)
  eden space 210944K, 0% used [0x00000000e0000000,0x00000000e0000000,0x00000000ece00000)
  from space 127488K, 41% used [0x00000000ece00000,0x00000000f0142a88,0x00000000f4a80000)
  to   space 123392K, 0% used [0x00000000f4a80000,0x00000000f4a80000,0x00000000fc300000)
 ParOldGen       total 569344K, used 274946K [0x00000000a0000000, 0x00000000c2c00000, 0x00000000e0000000)
  object space 569344K, 48% used [0x00000000a0000000,0x00000000b0c80920,0x00000000c2c00000)
 Metaspace       used 90149K, capacity 96934K, committed 97024K, reserved 1134592K
  class space    used 11358K, capacity 12235K, committed 12288K, reserved 1048576K
}
Event: 5990.635 GC heap before
{Heap before GC invocations=68 (full 8):
 PSYoungGen      total 338432K, used 263434K [0x00000000e0000000, 0x00000000fc300000, 0x0000000100000000)
  eden space 210944K, 100% used [0x00000000e0000000,0x00000000ece00000,0x00000000ece00000)
  from space 127488K, 41% used [0x00000000ece00000,0x00000000f0142a88,0x00000000f4a80000)
  to   space 123392K, 0% used [0x00000000f4a80000,0x00000000f4a80000,0x00000000fc300000)
 ParOldGen       total 569344K, used 274946K [0x00000000a0000000, 0x00000000c2c00000, 0x00000000e0000000)
  object space 569344K, 48% used [0x00000000a0000000,0x00000000b0c80920,0x00000000c2c00000)
 Metaspace       used 95054K, capacity 102620K, committed 102912K, reserved 1138688K
  class space    used 11972K, capacity 12967K, committed 13056K, reserved 1048576K
Event: 5990.725 GC heap after
Heap after GC invocations=68 (full 8):
 PSYoungGen      total 327168K, used 56954K [0x00000000e0000000, 0x00000000fb880000, 0x0000000100000000)
  eden space 214528K, 0% used [0x00000000e0000000,0x00000000e0000000,0x00000000ed180000)
  from space 112640K, 50% used [0x00000000f4a80000,0x00000000f821e890,0x00000000fb880000)
  to   space 118272K, 0% used [0x00000000ed180000,0x00000000ed180000,0x00000000f4500000)
 ParOldGen       total 569344K, used 274954K [0x00000000a0000000, 0x00000000c2c00000, 0x00000000e0000000)
  object space 569344K, 48% used [0x00000000a0000000,0x00000000b0c82920,0x00000000c2c00000)
 Metaspace       used 95054K, capacity 102620K, committed 102912K, reserved 1138688K
  class space    used 11972K, capacity 12967K, committed 13056K, reserved 1048576K
}

